c:\users\dell\desktop\advancedtaskmanager\release\advancedtaskmanager.bsc
c:\users\dell\desktop\advancedtaskmanager\release\advancedtaskmanager.pch
c:\users\dell\desktop\advancedtaskmanager\release\vc140.pdb
c:\users\dell\desktop\advancedtaskmanager\release\stdafx.sbr
c:\users\dell\desktop\advancedtaskmanager\release\stdafx.obj
c:\users\dell\desktop\advancedtaskmanager\release\advancedtaskmanager.sbr
c:\users\dell\desktop\advancedtaskmanager\release\advancedtaskmanagerdlg.sbr
c:\users\dell\desktop\advancedtaskmanager\release\processenumerator.sbr
c:\users\dell\desktop\advancedtaskmanager\release\processviewer.sbr
c:\users\dell\desktop\advancedtaskmanager\release\versionviewer.sbr
c:\users\dell\desktop\advancedtaskmanager\release\versionviewer.obj
c:\users\dell\desktop\advancedtaskmanager\release\processviewer.obj
c:\users\dell\desktop\advancedtaskmanager\release\processenumerator.obj
c:\users\dell\desktop\advancedtaskmanager\release\advancedtaskmanagerdlg.obj
c:\users\dell\desktop\advancedtaskmanager\release\advancedtaskmanager.obj
c:\users\dell\desktop\advancedtaskmanager\release\advancedtaskmanager.exe
c:\users\dell\desktop\advancedtaskmanager\release\advancedtaskmanager.pdb
c:\users\dell\desktop\advancedtaskmanager\release\advancedtaskmanager.res
c:\users\dell\desktop\advancedtaskmanager\.\release\advancedtaskmanager.exe
c:\users\dell\desktop\advancedtaskmanager\release\advanced.97f928a7.tlog\bscmake.command.1.tlog
c:\users\dell\desktop\advancedtaskmanager\release\advanced.97f928a7.tlog\bscmake.read.1.tlog
c:\users\dell\desktop\advancedtaskmanager\release\advanced.97f928a7.tlog\bscmake.write.1.tlog
c:\users\dell\desktop\advancedtaskmanager\release\advanced.97f928a7.tlog\cl.command.1.tlog
c:\users\dell\desktop\advancedtaskmanager\release\advanced.97f928a7.tlog\cl.read.1.tlog
c:\users\dell\desktop\advancedtaskmanager\release\advanced.97f928a7.tlog\cl.write.1.tlog
c:\users\dell\desktop\advancedtaskmanager\release\advanced.97f928a7.tlog\link.command.1.tlog
c:\users\dell\desktop\advancedtaskmanager\release\advanced.97f928a7.tlog\link.read.1.tlog
c:\users\dell\desktop\advancedtaskmanager\release\advanced.97f928a7.tlog\link.write.1.tlog
c:\users\dell\desktop\advancedtaskmanager\release\advanced.97f928a7.tlog\rc.command.1.tlog
c:\users\dell\desktop\advancedtaskmanager\release\advanced.97f928a7.tlog\rc.read.1.tlog
c:\users\dell\desktop\advancedtaskmanager\release\advanced.97f928a7.tlog\rc.write.1.tlog
